3/14/2020 10:03:29 PM | Debut Mise en ligne complete (Site):
3/14/2020 10:03:58 PM | Listing terminé :
3/14/2020 10:03:58 PM | 

3/14/2020 10:03:58 PM | * Files/Other-- -- --Folder create
3/14/2020 10:03:58 PM | * Files/Other/saison 7-- -- --Folder create
3/14/2020 10:03:58 PM | * Files/Other/saison 7/media-- -- --Folder create
3/14/2020 10:03:58 PM | * Files/Other/saison 7/css-- -- --Folder create
3/14/2020 10:03:58 PM | * Files/Other/saison 6-- -- --Folder create
3/14/2020 10:03:58 PM | * Files/Other/saison 6/media-- -- --Folder create
3/14/2020 10:03:58 PM | * Files/Other/saison 6/css-- -- --Folder create
3/14/2020 10:03:58 PM | * Files/Other/saison 5-- -- --Folder create
3/14/2020 10:03:58 PM | * Files/Other/saison 5/media-- -- --Folder create
3/14/2020 10:03:58 PM | * Files/Other/saison 5/css-- -- --Folder create
3/14/2020 10:03:58 PM | * Files/Other/saison 2 3 4-- -- --Folder create
3/14/2020 10:03:58 PM | * Files/Other/saison 2 3 4/media-- -- --Folder create
3/14/2020 10:03:58 PM | * Files/Other/saison 2 3 4/css-- -- --Folder create
3/14/2020 10:03:58 PM | * Files/Other/saison 1-- -- --Folder create
3/14/2020 10:03:58 PM | * Files/Other/saison 1/media-- -- --Folder create
3/14/2020 10:03:58 PM | * Files/Other/saison 1/css-- -- --Folder create
3/14/2020 10:03:58 PM | * Files/Other/saison 7-- -- --Folder create
3/14/2020 10:03:58 PM | * Files/Other/saison 7/media-- -- --Folder create
3/14/2020 10:03:58 PM | * Files/Other/saison 7/css-- -- --Folder create
3/14/2020 10:03:58 PM | * Files/Other/saison 6-- -- --Folder create
3/14/2020 10:03:58 PM | * Files/Other/saison 6/media-- -- --Folder create
3/14/2020 10:03:58 PM | * Files/Other/saison 6/css-- -- --Folder create
3/14/2020 10:03:58 PM | * Files/Other/saison 5-- -- --Folder create
3/14/2020 10:03:58 PM | * Files/Other/saison 5/media-- -- --Folder create
3/14/2020 10:03:58 PM | * Files/Other/saison 5/css-- -- --Folder create
3/14/2020 10:03:58 PM | * Files/Other/saison 2 3 4-- -- --Folder create
3/14/2020 10:03:58 PM | * Files/Other/saison 2 3 4/media-- -- --Folder create
3/14/2020 10:03:58 PM | * Files/Other/saison 2 3 4/css-- -- --Folder create
3/14/2020 10:03:58 PM | * Files/Other/saison 1-- -- --Folder create
3/14/2020 10:03:58 PM | * Files/Other/saison 1/media-- -- --Folder create
3/14/2020 10:03:58 PM | * Files/Other/saison 1/css-- -- --Folder create
3/14/2020 10:03:58 PM | * WEFiles-- -- --Folder create
3/14/2020 10:03:58 PM | * WEFiles/Xml-- -- --Folder create
3/14/2020 10:03:58 PM | * WEFiles/Server-- -- --Folder create
3/14/2020 10:03:58 PM | * WEFiles/Server/language-- -- --Folder create
3/14/2020 10:03:58 PM | * WEFiles/Server/DB-- -- --Folder create
3/14/2020 10:03:58 PM | * WEFiles/Server/DB/DBTools-- -- --Folder create
3/14/2020 10:03:58 PM | * WEFiles/Server/class-- -- --Folder create
3/14/2020 10:03:58 PM | * WEFiles/Other-- -- --Folder create
3/14/2020 10:03:58 PM | * WEFiles/Image-- -- --Folder create
3/14/2020 10:03:58 PM | * WEFiles/Font-- -- --Folder create
3/14/2020 10:03:58 PM | * WEFiles/EG-- -- --Folder create
3/14/2020 10:03:58 PM | * WEFiles/Css-- -- --Folder create
3/14/2020 10:03:58 PM | * WEFiles/Css/v02-- -- --Folder create
3/14/2020 10:03:58 PM | * WEFiles/Css/v01-- -- --Folder create
3/14/2020 10:03:58 PM | * WEFiles/Client-- -- --Folder create
3/14/2020 10:03:58 PM | * WEFiles/Client/jQuery-- -- --Folder create
3/14/2020 10:03:58 PM | * WEFiles/Client/jQuery/Plugins-- -- --Folder create
3/14/2020 10:03:58 PM | * WEFiles/Client/Common-- -- --Folder create
3/14/2020 10:03:58 PM | * Templates-- -- --Folder create
3/14/2020 10:03:58 PM | * Files-- -- --Folder create
3/14/2020 10:03:58 PM | * Files/Video-- -- --Folder create
3/14/2020 10:03:58 PM | * Files/Other-- -- --Folder create
3/14/2020 10:03:58 PM | * Files/Media-- -- --Folder create
3/14/2020 10:03:58 PM | * Files/Image-- -- --Folder create
3/14/2020 10:03:58 PM | * Files/Fonts-- -- --Folder create
3/14/2020 10:03:58 PM | * Files/Flash-- -- --Folder create
3/14/2020 10:03:58 PM | * Files/Audio-- -- --Folder create
3/14/2020 10:03:58 PM | * Data-- -- --Folder create
3/14/2020 10:03:58 PM | * Backup-- -- --Folder create
3/14/2020 10:03:58 PM | * Common-- -- --Folder create
3/14/2020 10:03:58 PM | * WEFiles/Image/Skin-- -- --Folder create
3/14/2020 10:03:58 PM | * Files\Other-- -- --Folder create
3/14/2020 10:03:58 PM | * Files\Fonts-- -- --Folder create
3/14/2020 10:03:58 PM | * Backup/.htaccess-- -- --33
3/14/2020 10:03:58 PM | * Data/.htaccess-- -- --13
3/14/2020 10:03:58 PM | * WEFiles/Client/Common/oe.min.js-- -- --16317
3/14/2020 10:03:58 PM | * WEFiles/Client/jQuery/Plugins/jquery.form.js-- -- --11659
3/14/2020 10:03:58 PM | * WEFiles/Client/jQuery/Plugins/jquery.ui.core.js-- -- --19590
3/14/2020 10:03:58 PM | * WEFiles/Client/jQuery/Plugins/jquery.ui.effects.js-- -- --25199
3/14/2020 10:03:58 PM | * WEFiles/Client/jQuery/1.10.2.js-- -- --93107
3/14/2020 10:03:58 PM | * WEFiles/Client/jQuery/migrate.js-- -- --7202
3/14/2020 10:03:58 PM | * WEFiles/Client/OEDB.js-- -- --1856
3/14/2020 10:03:58 PM | * WEFiles/Client/OEDBClasses.js-- -- --2280
3/14/2020 10:03:58 PM | * WEFiles/Client/opentip-jquery.min.js-- -- --44974
3/14/2020 10:03:58 PM | * WEFiles/Css/v01/openElement.css-- -- --5851
3/14/2020 10:03:58 PM | * WEFiles/Css/v02/openElement.css-- -- --6102
3/14/2020 10:03:58 PM | * WEFiles/Css/v02/openElement.int.css-- -- --6177
3/14/2020 10:03:58 PM | * WEFiles/Css/ie7.css-- -- --833
3/14/2020 10:03:58 PM | * WEFiles/Css/opentip.css-- -- --9211
3/14/2020 10:03:58 PM | * WEFiles/Image/Code.png-- -- --831
3/14/2020 10:03:58 PM | * WEFiles/Image/delete.png-- -- --1465
3/14/2020 10:03:58 PM | * WEFiles/Image/empty.png-- -- --184
3/14/2020 10:03:58 PM | * WEFiles/Image/information2.png-- -- --3246
3/14/2020 10:03:58 PM | * WEFiles/Image/loading.gif-- -- --1924
3/14/2020 10:03:58 PM | * WEFiles/Image/Loading2.gif-- -- --4941
3/14/2020 10:03:58 PM | * WEFiles/Image/mask.png-- -- --213
3/14/2020 10:03:58 PM | * WEFiles/Image/ModalBackgound.png-- -- --27145
3/14/2020 10:03:58 PM | * WEFiles/Image/ModalPopupBlock.png-- -- --268
3/14/2020 10:03:58 PM | * WEFiles/Image/ServerError.png-- -- --2602
3/14/2020 10:03:58 PM | * WEFiles/Image/warning.png-- -- --816
3/14/2020 10:03:58 PM | * WEFiles/Image/WEW3C.png-- -- --1882
3/14/2020 10:03:58 PM | * WEFiles/Server/class/class-phpmailer.php-- -- --65668
3/14/2020 10:03:58 PM | * WEFiles/Server/class/class-smtp.php-- -- --32456
3/14/2020 10:03:58 PM | * WEFiles/Server/DB/DBTools/OEDataContainers.php-- -- --57685
3/14/2020 10:03:58 PM | * WEFiles/Server/DB/DBTools/OEDBRequest.php-- -- --36412
3/14/2020 10:03:58 PM | * WEFiles/Server/DB/DBTools/OEDynUtils.php-- -- --15107
3/14/2020 10:03:58 PM | * WEFiles/Server/DB/.htaccess-- -- --13
3/14/2020 10:03:58 PM | * WEFiles/Server/DB/OEDB.php-- -- --28741
3/14/2020 10:03:58 PM | * WEFiles/Server/DB/OEDBClasses.php-- -- --84483
3/14/2020 10:03:58 PM | * WEFiles/Server/DB/sqllogin.php-- -- --1479
3/14/2020 10:03:58 PM | * WEFiles/Server/language/phpmailer.lang-en.php-- -- --1188
3/14/2020 10:03:58 PM | * WEFiles/Server/language/phpmailer.lang-fr.php-- -- --1297
3/14/2020 10:03:58 PM | * WEFiles/Server/openElement.php-- -- --13870
3/14/2020 10:03:58 PM | * WEFiles/Server/VarText.php-- -- --4496
3/14/2020 10:03:58 PM | * Files/Other/saison 1/css/a1 test saison 1.css-- -- --7960
3/14/2020 10:03:58 PM | * Files/Other/saison 1/css/base.css-- -- --1347
3/14/2020 10:03:58 PM | * Files/Other/saison 1/css/modalDlg.css-- -- --1251
3/14/2020 10:03:58 PM | * Files/Other/saison 1/media/A12.mp3-- -- --671935
3/14/2020 10:03:58 PM | * Files/Other/saison 1/media/A2.mp3-- -- --1331503
3/14/2020 10:03:58 PM | * Files/Other/saison 1/media/A24.mp3-- -- --778998
3/14/2020 10:03:58 PM | * Files/Other/saison 1/media/a3.mp3-- -- --673116
3/14/2020 10:03:58 PM | * Files/Other/saison 1/media/A9.mp3-- -- --1523693
3/14/2020 10:03:58 PM | * Files/Other/saison 1/media/ani-busy.gif-- -- --4884
3/14/2020 10:03:58 PM | * Files/Other/saison 1/media/arrow.gif-- -- --874
3/14/2020 10:03:58 PM | * Files/Other/saison 1/media/btn-close-x.png-- -- --4269
3/14/2020 10:03:58 PM | * Files/Other/saison 1/media/btn_confirm.png-- -- --5251
3/14/2020 10:03:58 PM | * Files/Other/saison 1/media/check.png-- -- --568
3/14/2020 10:03:58 PM | * Files/Other/saison 1/media/glasses.gif-- -- --1031
3/14/2020 10:03:58 PM | * Files/Other/saison 1/media/img_0000_0000_01_1.jpg-- -- --2687
3/14/2020 10:03:58 PM | * Files/Other/saison 1/media/img_0006_0000_00_1.jpg-- -- --77558
3/14/2020 10:03:58 PM | * Files/Other/saison 1/media/info.gif-- -- --1172
3/14/2020 10:03:58 PM | * Files/Other/saison 1/media/java.gif-- -- --1078
3/14/2020 10:03:58 PM | * Files/Other/saison 1/media/ko.gif-- -- --901
3/14/2020 10:03:58 PM | * Files/Other/saison 1/media/logo smartkurs new.png-- -- --75376
3/14/2020 10:03:58 PM | * Files/Other/saison 1/media/music.gif-- -- --986
3/14/2020 10:03:58 PM | * Files/Other/saison 1/media/no.gif-- -- --1224
3/14/2020 10:03:58 PM | * Files/Other/saison 1/media/ok.gif-- -- --979
3/14/2020 10:03:58 PM | * Files/Other/saison 1/media/ok2.gif-- -- --926
3/14/2020 10:03:58 PM | * Files/Other/saison 1/media/pause.png-- -- --2148
3/14/2020 10:03:58 PM | * Files/Other/saison 1/media/play.png-- -- --1778
3/14/2020 10:03:58 PM | * Files/Other/saison 1/media/play_stop.png-- -- --669
3/14/2020 10:03:58 PM | * Files/Other/saison 1/media/quest.png-- -- --788
3/14/2020 10:03:58 PM | * Files/Other/saison 1/media/smile.gif-- -- --927
3/14/2020 10:03:58 PM | * Files/Other/saison 1/media/smiling.gif-- -- --1063
3/14/2020 10:03:58 PM | * Files/Other/saison 1/media/speech.png-- -- --4699
3/14/2020 10:03:58 PM | * Files/Other/saison 1/media/square.gif-- -- --930
3/14/2020 10:03:58 PM | * Files/Other/saison 1/media/square2.gif-- -- --877
3/14/2020 10:03:58 PM | * Files/Other/saison 1/media/video.gif-- -- --279
3/14/2020 10:03:58 PM | * Files/Other/saison 1/media/warn.gif-- -- --1107
3/14/2020 10:03:58 PM | * Files/Other/saison 1/a1 test saison 1.htm-- -- --86273
3/14/2020 10:03:58 PM | * Files/Other/saison 1/a1 test saison 1.js-- -- --74571
3/14/2020 10:03:58 PM | * Files/Other/saison 2 3 4/css/A1 test saison 2.css-- -- --7960
3/14/2020 10:03:58 PM | * Files/Other/saison 2 3 4/css/base.css-- -- --1347
3/14/2020 10:03:58 PM | * Files/Other/saison 2 3 4/css/modalDlg.css-- -- --1251
3/14/2020 10:03:58 PM | * Files/Other/saison 2 3 4/media/A12.mp3-- -- --471161
3/14/2020 10:03:58 PM | * Files/Other/saison 2 3 4/media/A22.mp3-- -- --1506630
3/14/2020 10:03:58 PM | * Files/Other/saison 2 3 4/media/ani-busy.gif-- -- --4884
3/14/2020 10:03:58 PM | * Files/Other/saison 2 3 4/media/arrow.gif-- -- --874
3/14/2020 10:03:58 PM | * Files/Other/saison 2 3 4/media/btn-close-x.png-- -- --4269
3/14/2020 10:03:58 PM | * Files/Other/saison 2 3 4/media/btn_confirm.png-- -- --5251
3/14/2020 10:03:58 PM | * Files/Other/saison 2 3 4/media/check.png-- -- --568
3/14/2020 10:03:58 PM | * Files/Other/saison 2 3 4/media/glasses.gif-- -- --1031
3/14/2020 10:03:58 PM | * Files/Other/saison 2 3 4/media/img_0000_0000_01_1.jpg-- -- --2687
3/14/2020 10:03:58 PM | * Files/Other/saison 2 3 4/media/img_0001_0000_00_1.jpg-- -- --90310
3/14/2020 10:03:58 PM | * Files/Other/saison 2 3 4/media/img_0006_0000_00_1.jpg-- -- --151639
3/14/2020 10:03:58 PM | * Files/Other/saison 2 3 4/media/img_0009_0000_00_1.jpg-- -- --133593
3/14/2020 10:03:58 PM | * Files/Other/saison 2 3 4/media/info.gif-- -- --1172
3/14/2020 10:03:58 PM | * Files/Other/saison 2 3 4/media/java.gif-- -- --1078
3/14/2020 10:03:58 PM | * Files/Other/saison 2 3 4/media/ko.gif-- -- --901
3/14/2020 10:03:58 PM | * Files/Other/saison 2 3 4/media/logo smartkurs new.png-- -- --75376
3/14/2020 10:03:58 PM | * Files/Other/saison 2 3 4/media/music.gif-- -- --986
3/14/2020 10:03:58 PM | * Files/Other/saison 2 3 4/media/no.gif-- -- --1224
3/14/2020 10:03:58 PM | * Files/Other/saison 2 3 4/media/ok.gif-- -- --979
3/14/2020 10:03:58 PM | * Files/Other/saison 2 3 4/media/ok2.gif-- -- --926
3/14/2020 10:03:58 PM | * Files/Other/saison 2 3 4/media/pause.png-- -- --2148
3/14/2020 10:03:58 PM | * Files/Other/saison 2 3 4/media/play.png-- -- --1778
3/14/2020 10:03:58 PM | * Files/Other/saison 2 3 4/media/play_stop.png-- -- --669
3/14/2020 10:03:58 PM | * Files/Other/saison 2 3 4/media/quest.png-- -- --788
3/14/2020 10:03:58 PM | * Files/Other/saison 2 3 4/media/smile.gif-- -- --927
3/14/2020 10:03:58 PM | * Files/Other/saison 2 3 4/media/smiling.gif-- -- --1063
3/14/2020 10:03:58 PM | * Files/Other/saison 2 3 4/media/speech.png-- -- --4699
3/14/2020 10:03:58 PM | * Files/Other/saison 2 3 4/media/square.gif-- -- --930
3/14/2020 10:03:58 PM | * Files/Other/saison 2 3 4/media/square2.gif-- -- --877
3/14/2020 10:03:58 PM | * Files/Other/saison 2 3 4/media/video.gif-- -- --279
3/14/2020 10:03:58 PM | * Files/Other/saison 2 3 4/media/warn.gif-- -- --1107
3/14/2020 10:03:58 PM | * Files/Other/saison 2 3 4/A1 test saison 2.htm-- -- --136734
3/14/2020 10:03:58 PM | * Files/Other/saison 2 3 4/A1 test saison 2.js-- -- --75535
3/14/2020 10:03:58 PM | * Files/Other/saison 5/css/A1 test saison 5.css-- -- --7960
3/14/2020 10:03:58 PM | * Files/Other/saison 5/css/base.css-- -- --1347
3/14/2020 10:03:58 PM | * Files/Other/saison 5/css/modalDlg.css-- -- --1251
3/14/2020 10:03:58 PM | * Files/Other/saison 5/media/A6 cr.mp3-- -- --1720044
3/14/2020 10:03:58 PM | * Files/Other/saison 5/media/ani-busy.gif-- -- --4884
3/14/2020 10:03:58 PM | * Files/Other/saison 5/media/arrow.gif-- -- --874
3/14/2020 10:03:58 PM | * Files/Other/saison 5/media/btn-close-x.png-- -- --4269
3/14/2020 10:03:58 PM | * Files/Other/saison 5/media/btn_confirm.png-- -- --5251
3/14/2020 10:03:58 PM | * Files/Other/saison 5/media/check.png-- -- --568
3/14/2020 10:03:58 PM | * Files/Other/saison 5/media/glasses.gif-- -- --1031
3/14/2020 10:03:58 PM | * Files/Other/saison 5/media/img_0000_0000_01_1.jpg-- -- --2687
3/14/2020 10:03:58 PM | * Files/Other/saison 5/media/info.gif-- -- --1172
3/14/2020 10:03:58 PM | * Files/Other/saison 5/media/java.gif-- -- --1078
3/14/2020 10:03:58 PM | * Files/Other/saison 5/media/ko.gif-- -- --901
3/14/2020 10:03:58 PM | * Files/Other/saison 5/media/logo smartkurs new.png-- -- --75376
3/14/2020 10:03:58 PM | * Files/Other/saison 5/media/music.gif-- -- --986
3/14/2020 10:03:58 PM | * Files/Other/saison 5/media/no.gif-- -- --1224
3/14/2020 10:03:58 PM | * Files/Other/saison 5/media/ok.gif-- -- --979
3/14/2020 10:03:58 PM | * Files/Other/saison 5/media/ok2.gif-- -- --926
3/14/2020 10:03:58 PM | * Files/Other/saison 5/media/pause.png-- -- --2148
3/14/2020 10:03:58 PM | * Files/Other/saison 5/media/play.png-- -- --1778
3/14/2020 10:03:58 PM | * Files/Other/saison 5/media/play_stop.png-- -- --669
3/14/2020 10:03:58 PM | * Files/Other/saison 5/media/quest.png-- -- --788
3/14/2020 10:03:58 PM | * Files/Other/saison 5/media/smile.gif-- -- --927
3/14/2020 10:03:58 PM | * Files/Other/saison 5/media/smiling.gif-- -- --1063
3/14/2020 10:03:58 PM | * Files/Other/saison 5/media/speech.png-- -- --4699
3/14/2020 10:03:58 PM | * Files/Other/saison 5/media/square.gif-- -- --930
3/14/2020 10:03:58 PM | * Files/Other/saison 5/media/square2.gif-- -- --877
3/14/2020 10:03:58 PM | * Files/Other/saison 5/media/video.gif-- -- --279
3/14/2020 10:03:58 PM | * Files/Other/saison 5/media/warn.gif-- -- --1107
3/14/2020 10:03:58 PM | * Files/Other/saison 5/A1 test saison 5.htm-- -- --101949
3/14/2020 10:03:58 PM | * Files/Other/saison 5/A1 test saison 5.js-- -- --74226
3/14/2020 10:03:58 PM | * Files/Other/saison 6/css/base.css-- -- --1347
3/14/2020 10:03:58 PM | * Files/Other/saison 6/css/modalDlg.css-- -- --1251
3/14/2020 10:03:58 PM | * Files/Other/saison 6/css/test saison 6.css-- -- --8136
3/14/2020 10:03:58 PM | * Files/Other/saison 6/media/A29.mp3-- -- --1451855
3/14/2020 10:03:58 PM | * Files/Other/saison 6/media/A3.mp3-- -- --550378
3/14/2020 10:03:58 PM | * Files/Other/saison 6/media/ani-busy.gif-- -- --4884
3/14/2020 10:03:58 PM | * Files/Other/saison 6/media/arrow.gif-- -- --874
3/14/2020 10:03:58 PM | * Files/Other/saison 6/media/btn-close-x.png-- -- --4269
3/14/2020 10:03:58 PM | * Files/Other/saison 6/media/btn_confirm.png-- -- --5251
3/14/2020 10:03:58 PM | * Files/Other/saison 6/media/check.png-- -- --568
3/14/2020 10:03:58 PM | * Files/Other/saison 6/media/glasses.gif-- -- --1031
3/14/2020 10:03:58 PM | * Files/Other/saison 6/media/img_0000_0000_01_1.jpg-- -- --2687
3/14/2020 10:03:58 PM | * Files/Other/saison 6/media/info.gif-- -- --1172
3/14/2020 10:03:58 PM | * Files/Other/saison 6/media/java.gif-- -- --1078
3/14/2020 10:03:58 PM | * Files/Other/saison 6/media/ko.gif-- -- --901
3/14/2020 10:03:58 PM | * Files/Other/saison 6/media/logo smartkurs new.png-- -- --75376
3/14/2020 10:03:58 PM | * Files/Other/saison 6/media/music.gif-- -- --986
3/14/2020 10:03:58 PM | * Files/Other/saison 6/media/no.gif-- -- --1224
3/14/2020 10:03:58 PM | * Files/Other/saison 6/media/ok.gif-- -- --979
3/14/2020 10:03:58 PM | * Files/Other/saison 6/media/ok2.gif-- -- --926
3/14/2020 10:03:58 PM | * Files/Other/saison 6/media/pause.png-- -- --2148
3/14/2020 10:03:58 PM | * Files/Other/saison 6/media/play.png-- -- --1778
3/14/2020 10:03:58 PM | * Files/Other/saison 6/media/play_stop.png-- -- --669
3/14/2020 10:03:58 PM | * Files/Other/saison 6/media/quest.png-- -- --788
3/14/2020 10:03:58 PM | * Files/Other/saison 6/media/smile.gif-- -- --927
3/14/2020 10:03:58 PM | * Files/Other/saison 6/media/smiling.gif-- -- --1063
3/14/2020 10:03:58 PM | * Files/Other/saison 6/media/speech.png-- -- --4699
3/14/2020 10:03:58 PM | * Files/Other/saison 6/media/square.gif-- -- --930
3/14/2020 10:03:58 PM | * Files/Other/saison 6/media/square2.gif-- -- --877
3/14/2020 10:03:58 PM | * Files/Other/saison 6/media/video.gif-- -- --279
3/14/2020 10:03:58 PM | * Files/Other/saison 6/media/warn.gif-- -- --1107
3/14/2020 10:03:58 PM | * Files/Other/saison 6/test saison 6.htm-- -- --74253
3/14/2020 10:03:58 PM | * Files/Other/saison 6/test saison 6.js-- -- --73925
3/14/2020 10:03:58 PM | * Files/Other/saison 7/css/A1 saison 7.css-- -- --8139
3/14/2020 10:03:58 PM | * Files/Other/saison 7/css/base.css-- -- --1347
3/14/2020 10:03:58 PM | * Files/Other/saison 7/css/modalDlg.css-- -- --1251
3/14/2020 10:03:58 PM | * Files/Other/saison 7/media/A4 cr.mp3-- -- --1742098
3/14/2020 10:03:58 PM | * Files/Other/saison 7/media/A6 cr.mp3-- -- --690011
3/14/2020 10:03:58 PM | * Files/Other/saison 7/media/ani-busy.gif-- -- --4884
3/14/2020 10:03:58 PM | * Files/Other/saison 7/media/arrow.gif-- -- --874
3/14/2020 10:03:58 PM | * Files/Other/saison 7/media/b3 cr.mp3-- -- --1266338
3/14/2020 10:03:58 PM | * Files/Other/saison 7/media/btn-close-x.png-- -- --4269
3/14/2020 10:03:58 PM | * Files/Other/saison 7/media/btn_confirm.png-- -- --5251
3/14/2020 10:03:58 PM | * Files/Other/saison 7/media/check.png-- -- --568
3/14/2020 10:03:58 PM | * Files/Other/saison 7/media/crA24 cr.mp3-- -- --1461837
3/14/2020 10:03:58 PM | * Files/Other/saison 7/media/glasses.gif-- -- --1031
3/14/2020 10:03:58 PM | * Files/Other/saison 7/media/img_0000_0000_01_1.jpg-- -- --2687
3/14/2020 10:03:58 PM | * Files/Other/saison 7/media/img_0003_0000_00_1.jpg-- -- --27102
3/14/2020 10:03:58 PM | * Files/Other/saison 7/media/img_0008_0000_00_1.jpg-- -- --140890
3/14/2020 10:03:58 PM | * Files/Other/saison 7/media/info.gif-- -- --1172
3/14/2020 10:03:58 PM | * Files/Other/saison 7/media/java.gif-- -- --1078
3/14/2020 10:03:58 PM | * Files/Other/saison 7/media/ko.gif-- -- --901
3/14/2020 10:03:58 PM | * Files/Other/saison 7/media/logo smartkurs new.png-- -- --75376
3/14/2020 10:03:58 PM | * Files/Other/saison 7/media/music.gif-- -- --986
3/14/2020 10:03:58 PM | * Files/Other/saison 7/media/no.gif-- -- --1224
3/14/2020 10:03:58 PM | * Files/Other/saison 7/media/ok.gif-- -- --979
3/14/2020 10:03:58 PM | * Files/Other/saison 7/media/ok2.gif-- -- --926
3/14/2020 10:03:58 PM | * Files/Other/saison 7/media/pause.png-- -- --2148
3/14/2020 10:03:58 PM | * Files/Other/saison 7/media/play.png-- -- --1778
3/14/2020 10:03:58 PM | * Files/Other/saison 7/media/play_stop.png-- -- --669
3/14/2020 10:03:58 PM | * Files/Other/saison 7/media/quest.png-- -- --788
3/14/2020 10:03:58 PM | * Files/Other/saison 7/media/smile.gif-- -- --927
3/14/2020 10:03:58 PM | * Files/Other/saison 7/media/smiling.gif-- -- --1063
3/14/2020 10:03:58 PM | * Files/Other/saison 7/media/speech.png-- -- --4699
3/14/2020 10:03:58 PM | * Files/Other/saison 7/media/square.gif-- -- --930
3/14/2020 10:03:58 PM | * Files/Other/saison 7/media/square2.gif-- -- --877
3/14/2020 10:03:58 PM | * Files/Other/saison 7/media/video.gif-- -- --279
3/14/2020 10:03:58 PM | * Files/Other/saison 7/media/warn.gif-- -- --1107
3/14/2020 10:03:58 PM | * Files/Other/saison 7/A1 saison 7.htm-- -- --116467
3/14/2020 10:03:58 PM | * Files/Other/saison 7/A1 saison 7.js-- -- --75064
3/14/2020 10:03:58 PM | * .htaccess-- -- --0
3/14/2020 10:03:58 PM | * A1.css-- -- --3056
3/14/2020 10:03:58 PM | * WEFiles/Image/Skin/32ca59b4.png-- -- --176
3/14/2020 10:03:58 PM | * WEFiles/Image/Skin/a1a75427.png-- -- --182
3/14/2020 10:03:58 PM | * WEFiles/Image/Skin/60cf2df4.png-- -- --174
3/14/2020 10:03:58 PM | * WEFiles/Image/Skin/eba98dad.png-- -- --191
3/14/2020 10:03:58 PM | * WEFiles/Image/Skin/14a68435.png-- -- --422
3/14/2020 10:03:58 PM | * WEFiles/Image/Skin/4d7a5f35.png-- -- --176
3/14/2020 10:03:58 PM | * WEFiles/Image/Skin/60dfd081.png-- -- --389
3/14/2020 10:03:58 PM | * WEFiles/Image/Skin/90b8bab9.png-- -- --240
3/14/2020 10:03:58 PM | * Backup/A1.dat-- -- --355521
3/14/2020 10:03:58 PM | * A1.de.htm-- -- --9530
3/14/2020 10:03:58 PM | * A1.en.htm-- -- --9530
3/14/2020 10:03:58 PM | * A1.htm-- -- --9535
3/14/2020 10:03:58 PM | * index.css-- -- --2750
3/14/2020 10:03:58 PM | * WEFiles/Image/Skin/923ec2d0.png-- -- --244
3/14/2020 10:03:58 PM | * WEFiles/Image/Skin/4fe36b42.png-- -- --279
3/14/2020 10:03:58 PM | * WEFiles/Image/Skin/1a8865bb.png-- -- --237
3/14/2020 10:03:58 PM | * WEFiles/Image/Skin/fee47c19.png-- -- --500
3/14/2020 10:03:58 PM | * WEFiles/Image/Skin/bd3ac355.png-- -- --273
3/14/2020 10:03:58 PM | * WEFiles/Image/Skin/b0423365.png-- -- --229
3/14/2020 10:03:58 PM | * WEFiles/Image/Skin/8e7f80bf.png-- -- --273
3/14/2020 10:03:58 PM | * WEFiles/Image/Skin/e81f9692.png-- -- --228
3/14/2020 10:03:58 PM | * WEFiles/Image/Skin/42cc5c09.png-- -- --477
3/14/2020 10:03:58 PM | * Backup/index.dat-- -- --139322
3/14/2020 10:03:58 PM | * index.de.htm-- -- --3576
3/14/2020 10:03:58 PM | * index.en.htm-- -- --3576
3/14/2020 10:03:58 PM | * index.htm-- -- --3575
3/14/2020 10:03:58 PM | * robots.txt-- -- --19
3/14/2020 10:03:58 PM | * sitemap.xml-- -- --2268
3/14/2020 10:03:58 PM | * Files/Other/saison 1/css/a1 test saison 1.css-- -- --7960
3/14/2020 10:03:58 PM | * Files/Other/saison 1/css/base.css-- -- --1347
3/14/2020 10:03:58 PM | * Files/Other/saison 1/css/modalDlg.css-- -- --1251
3/14/2020 10:03:58 PM | * Files/Other/saison 1/media/A12.mp3-- -- --671935
3/14/2020 10:03:58 PM | * Files/Other/saison 1/media/A2.mp3-- -- --1331503
3/14/2020 10:03:58 PM | * Files/Other/saison 1/media/A24.mp3-- -- --778998
3/14/2020 10:03:58 PM | * Files/Other/saison 1/media/a3.mp3-- -- --673116
3/14/2020 10:03:58 PM | * Files/Other/saison 1/media/A9.mp3-- -- --1523693
3/14/2020 10:03:58 PM | * Files/Other/saison 1/media/ani-busy.gif-- -- --4884
3/14/2020 10:03:58 PM | * Files/Other/saison 1/media/arrow.gif-- -- --874
3/14/2020 10:03:58 PM | * Files/Other/saison 1/media/btn-close-x.png-- -- --4269
3/14/2020 10:03:58 PM | * Files/Other/saison 1/media/btn_confirm.png-- -- --5251
3/14/2020 10:03:58 PM | * Files/Other/saison 1/media/check.png-- -- --568
3/14/2020 10:03:58 PM | * Files/Other/saison 1/media/glasses.gif-- -- --1031
3/14/2020 10:03:58 PM | * Files/Other/saison 1/media/img_0000_0000_01_1.jpg-- -- --2687
3/14/2020 10:03:58 PM | * Files/Other/saison 1/media/img_0006_0000_00_1.jpg-- -- --77558
3/14/2020 10:03:58 PM | * Files/Other/saison 1/media/info.gif-- -- --1172
3/14/2020 10:03:58 PM | * Files/Other/saison 1/media/java.gif-- -- --1078
3/14/2020 10:03:58 PM | * Files/Other/saison 1/media/ko.gif-- -- --901
3/14/2020 10:03:58 PM | * Files/Other/saison 1/media/logo smartkurs new.png-- -- --75376
3/14/2020 10:03:58 PM | * Files/Other/saison 1/media/music.gif-- -- --986
3/14/2020 10:03:58 PM | * Files/Other/saison 1/media/no.gif-- -- --1224
3/14/2020 10:03:58 PM | * Files/Other/saison 1/media/ok.gif-- -- --979
3/14/2020 10:03:58 PM | * Files/Other/saison 1/media/ok2.gif-- -- --926
3/14/2020 10:03:58 PM | * Files/Other/saison 1/media/pause.png-- -- --2148
3/14/2020 10:03:58 PM | * Files/Other/saison 1/media/play.png-- -- --1778
3/14/2020 10:03:58 PM | * Files/Other/saison 1/media/play_stop.png-- -- --669
3/14/2020 10:03:58 PM | * Files/Other/saison 1/media/quest.png-- -- --788
3/14/2020 10:03:58 PM | * Files/Other/saison 1/media/smile.gif-- -- --927
3/14/2020 10:03:58 PM | * Files/Other/saison 1/media/smiling.gif-- -- --1063
3/14/2020 10:03:58 PM | * Files/Other/saison 1/media/speech.png-- -- --4699
3/14/2020 10:03:58 PM | * Files/Other/saison 1/media/square.gif-- -- --930
3/14/2020 10:03:58 PM | * Files/Other/saison 1/media/square2.gif-- -- --877
3/14/2020 10:03:58 PM | * Files/Other/saison 1/media/video.gif-- -- --279
3/14/2020 10:03:58 PM | * Files/Other/saison 1/media/warn.gif-- -- --1107
3/14/2020 10:03:58 PM | * Files/Other/saison 1/a1 test saison 1.htm-- -- --86273
3/14/2020 10:03:58 PM | * Files/Other/saison 1/a1 test saison 1.js-- -- --74571
3/14/2020 10:03:58 PM | * Files/Other/saison 2 3 4/css/A1 test saison 2.css-- -- --7960
3/14/2020 10:03:58 PM | * Files/Other/saison 2 3 4/css/base.css-- -- --1347
3/14/2020 10:03:58 PM | * Files/Other/saison 2 3 4/css/modalDlg.css-- -- --1251
3/14/2020 10:03:58 PM | * Files/Other/saison 2 3 4/media/A12.mp3-- -- --471161
3/14/2020 10:03:58 PM | * Files/Other/saison 2 3 4/media/A22.mp3-- -- --1506630
3/14/2020 10:03:58 PM | * Files/Other/saison 2 3 4/media/ani-busy.gif-- -- --4884
3/14/2020 10:03:58 PM | * Files/Other/saison 2 3 4/media/arrow.gif-- -- --874
3/14/2020 10:03:58 PM | * Files/Other/saison 2 3 4/media/btn-close-x.png-- -- --4269
3/14/2020 10:03:58 PM | * Files/Other/saison 2 3 4/media/btn_confirm.png-- -- --5251
3/14/2020 10:03:58 PM | * Files/Other/saison 2 3 4/media/check.png-- -- --568
3/14/2020 10:03:58 PM | * Files/Other/saison 2 3 4/media/glasses.gif-- -- --1031
3/14/2020 10:03:58 PM | * Files/Other/saison 2 3 4/media/img_0000_0000_01_1.jpg-- -- --2687
3/14/2020 10:03:58 PM | * Files/Other/saison 2 3 4/media/img_0001_0000_00_1.jpg-- -- --90310
3/14/2020 10:03:58 PM | * Files/Other/saison 2 3 4/media/img_0006_0000_00_1.jpg-- -- --151639
3/14/2020 10:03:58 PM | * Files/Other/saison 2 3 4/media/img_0009_0000_00_1.jpg-- -- --133593
3/14/2020 10:03:58 PM | * Files/Other/saison 2 3 4/media/info.gif-- -- --1172
3/14/2020 10:03:58 PM | * Files/Other/saison 2 3 4/media/java.gif-- -- --1078
3/14/2020 10:03:58 PM | * Files/Other/saison 2 3 4/media/ko.gif-- -- --901
3/14/2020 10:03:58 PM | * Files/Other/saison 2 3 4/media/logo smartkurs new.png-- -- --75376
3/14/2020 10:03:58 PM | * Files/Other/saison 2 3 4/media/music.gif-- -- --986
3/14/2020 10:03:58 PM | * Files/Other/saison 2 3 4/media/no.gif-- -- --1224
3/14/2020 10:03:58 PM | * Files/Other/saison 2 3 4/media/ok.gif-- -- --979
3/14/2020 10:03:58 PM | * Files/Other/saison 2 3 4/media/ok2.gif-- -- --926
3/14/2020 10:03:58 PM | * Files/Other/saison 2 3 4/media/pause.png-- -- --2148
3/14/2020 10:03:58 PM | * Files/Other/saison 2 3 4/media/play.png-- -- --1778
3/14/2020 10:03:58 PM | * Files/Other/saison 2 3 4/media/play_stop.png-- -- --669
3/14/2020 10:03:58 PM | * Files/Other/saison 2 3 4/media/quest.png-- -- --788
3/14/2020 10:03:58 PM | * Files/Other/saison 2 3 4/media/smile.gif-- -- --927
3/14/2020 10:03:58 PM | * Files/Other/saison 2 3 4/media/smiling.gif-- -- --1063
3/14/2020 10:03:58 PM | * Files/Other/saison 2 3 4/media/speech.png-- -- --4699
3/14/2020 10:03:58 PM | * Files/Other/saison 2 3 4/media/square.gif-- -- --930
3/14/2020 10:03:58 PM | * Files/Other/saison 2 3 4/media/square2.gif-- -- --877
3/14/2020 10:03:58 PM | * Files/Other/saison 2 3 4/media/video.gif-- -- --279
3/14/2020 10:03:58 PM | * Files/Other/saison 2 3 4/media/warn.gif-- -- --1107
3/14/2020 10:03:58 PM | * Files/Other/saison 2 3 4/A1 test saison 2.htm-- -- --136734
3/14/2020 10:03:58 PM | * Files/Other/saison 2 3 4/A1 test saison 2.js-- -- --75535
3/14/2020 10:03:58 PM | * Files/Other/saison 5/css/A1 test saison 5.css-- -- --7960
3/14/2020 10:03:58 PM | * Files/Other/saison 5/css/base.css-- -- --1347
3/14/2020 10:03:58 PM | * Files/Other/saison 5/css/modalDlg.css-- -- --1251
3/14/2020 10:03:58 PM | * Files/Other/saison 5/media/A6 cr.mp3-- -- --1720044
3/14/2020 10:03:58 PM | * Files/Other/saison 5/media/ani-busy.gif-- -- --4884
3/14/2020 10:03:58 PM | * Files/Other/saison 5/media/arrow.gif-- -- --874
3/14/2020 10:03:58 PM | * Files/Other/saison 5/media/btn-close-x.png-- -- --4269
3/14/2020 10:03:58 PM | * Files/Other/saison 5/media/btn_confirm.png-- -- --5251
3/14/2020 10:03:58 PM | * Files/Other/saison 5/media/check.png-- -- --568
3/14/2020 10:03:58 PM | * Files/Other/saison 5/media/glasses.gif-- -- --1031
3/14/2020 10:03:58 PM | * Files/Other/saison 5/media/img_0000_0000_01_1.jpg-- -- --2687
3/14/2020 10:03:58 PM | * Files/Other/saison 5/media/info.gif-- -- --1172
3/14/2020 10:03:58 PM | * Files/Other/saison 5/media/java.gif-- -- --1078
3/14/2020 10:03:58 PM | * Files/Other/saison 5/media/ko.gif-- -- --901
3/14/2020 10:03:58 PM | * Files/Other/saison 5/media/logo smartkurs new.png-- -- --75376
3/14/2020 10:03:58 PM | * Files/Other/saison 5/media/music.gif-- -- --986
3/14/2020 10:03:58 PM | * Files/Other/saison 5/media/no.gif-- -- --1224
3/14/2020 10:03:58 PM | * Files/Other/saison 5/media/ok.gif-- -- --979
3/14/2020 10:03:58 PM | * Files/Other/saison 5/media/ok2.gif-- -- --926
3/14/2020 10:03:58 PM | * Files/Other/saison 5/media/pause.png-- -- --2148
3/14/2020 10:03:58 PM | * Files/Other/saison 5/media/play.png-- -- --1778
3/14/2020 10:03:58 PM | * Files/Other/saison 5/media/play_stop.png-- -- --669
3/14/2020 10:03:58 PM | * Files/Other/saison 5/media/quest.png-- -- --788
3/14/2020 10:03:58 PM | * Files/Other/saison 5/media/smile.gif-- -- --927
3/14/2020 10:03:58 PM | * Files/Other/saison 5/media/smiling.gif-- -- --1063
3/14/2020 10:03:58 PM | * Files/Other/saison 5/media/speech.png-- -- --4699
3/14/2020 10:03:58 PM | * Files/Other/saison 5/media/square.gif-- -- --930
3/14/2020 10:03:58 PM | * Files/Other/saison 5/media/square2.gif-- -- --877
3/14/2020 10:03:58 PM | * Files/Other/saison 5/media/video.gif-- -- --279
3/14/2020 10:03:58 PM | * Files/Other/saison 5/media/warn.gif-- -- --1107
3/14/2020 10:03:58 PM | * Files/Other/saison 5/A1 test saison 5.htm-- -- --101949
3/14/2020 10:03:58 PM | * Files/Other/saison 5/A1 test saison 5.js-- -- --74226
3/14/2020 10:03:58 PM | * Files/Other/saison 6/css/base.css-- -- --1347
3/14/2020 10:03:58 PM | * Files/Other/saison 6/css/modalDlg.css-- -- --1251
3/14/2020 10:03:58 PM | * Files/Other/saison 6/css/test saison 6.css-- -- --8136
3/14/2020 10:03:58 PM | * Files/Other/saison 6/media/A29.mp3-- -- --1451855
3/14/2020 10:03:58 PM | * Files/Other/saison 6/media/A3.mp3-- -- --550378
3/14/2020 10:03:58 PM | * Files/Other/saison 6/media/ani-busy.gif-- -- --4884
3/14/2020 10:03:58 PM | * Files/Other/saison 6/media/arrow.gif-- -- --874
3/14/2020 10:03:58 PM | * Files/Other/saison 6/media/btn-close-x.png-- -- --4269
3/14/2020 10:03:58 PM | * Files/Other/saison 6/media/btn_confirm.png-- -- --5251
3/14/2020 10:03:58 PM | * Files/Other/saison 6/media/check.png-- -- --568
3/14/2020 10:03:58 PM | * Files/Other/saison 6/media/glasses.gif-- -- --1031
3/14/2020 10:03:58 PM | * Files/Other/saison 6/media/img_0000_0000_01_1.jpg-- -- --2687
3/14/2020 10:03:58 PM | * Files/Other/saison 6/media/info.gif-- -- --1172
3/14/2020 10:03:58 PM | * Files/Other/saison 6/media/java.gif-- -- --1078
3/14/2020 10:03:58 PM | * Files/Other/saison 6/media/ko.gif-- -- --901
3/14/2020 10:03:58 PM | * Files/Other/saison 6/media/logo smartkurs new.png-- -- --75376
3/14/2020 10:03:58 PM | * Files/Other/saison 6/media/music.gif-- -- --986
3/14/2020 10:03:58 PM | * Files/Other/saison 6/media/no.gif-- -- --1224
3/14/2020 10:03:58 PM | * Files/Other/saison 6/media/ok.gif-- -- --979
3/14/2020 10:03:58 PM | * Files/Other/saison 6/media/ok2.gif-- -- --926
3/14/2020 10:03:58 PM | * Files/Other/saison 6/media/pause.png-- -- --2148
3/14/2020 10:03:58 PM | * Files/Other/saison 6/media/play.png-- -- --1778
3/14/2020 10:03:58 PM | * Files/Other/saison 6/media/play_stop.png-- -- --669
3/14/2020 10:03:58 PM | * Files/Other/saison 6/media/quest.png-- -- --788
3/14/2020 10:03:58 PM | * Files/Other/saison 6/media/smile.gif-- -- --927
3/14/2020 10:03:58 PM | * Files/Other/saison 6/media/smiling.gif-- -- --1063
3/14/2020 10:03:58 PM | * Files/Other/saison 6/media/speech.png-- -- --4699
3/14/2020 10:03:58 PM | * Files/Other/saison 6/media/square.gif-- -- --930
3/14/2020 10:03:58 PM | * Files/Other/saison 6/media/square2.gif-- -- --877
3/14/2020 10:03:58 PM | * Files/Other/saison 6/media/video.gif-- -- --279
3/14/2020 10:03:58 PM | * Files/Other/saison 6/media/warn.gif-- -- --1107
3/14/2020 10:03:58 PM | * Files/Other/saison 6/test saison 6.htm-- -- --74253
3/14/2020 10:03:58 PM | * Files/Other/saison 6/test saison 6.js-- -- --73925
3/14/2020 10:03:58 PM | * Files/Other/saison 7/css/A1 saison 7.css-- -- --8139
3/14/2020 10:03:58 PM | * Files/Other/saison 7/css/base.css-- -- --1347
3/14/2020 10:03:58 PM | * Files/Other/saison 7/css/modalDlg.css-- -- --1251
3/14/2020 10:03:58 PM | * Files/Other/saison 7/media/A4 cr.mp3-- -- --1742098
3/14/2020 10:03:58 PM | * Files/Other/saison 7/media/A6 cr.mp3-- -- --690011
3/14/2020 10:03:58 PM | * Files/Other/saison 7/media/ani-busy.gif-- -- --4884
3/14/2020 10:03:58 PM | * Files/Other/saison 7/media/arrow.gif-- -- --874
3/14/2020 10:03:58 PM | * Files/Other/saison 7/media/b3 cr.mp3-- -- --1266338
3/14/2020 10:03:58 PM | * Files/Other/saison 7/media/btn-close-x.png-- -- --4269
3/14/2020 10:03:58 PM | * Files/Other/saison 7/media/btn_confirm.png-- -- --5251
3/14/2020 10:03:58 PM | * Files/Other/saison 7/media/check.png-- -- --568
3/14/2020 10:03:58 PM | * Files/Other/saison 7/media/crA24 cr.mp3-- -- --1461837
3/14/2020 10:03:58 PM | * Files/Other/saison 7/media/glasses.gif-- -- --1031
3/14/2020 10:03:58 PM | * Files/Other/saison 7/media/img_0000_0000_01_1.jpg-- -- --2687
3/14/2020 10:03:58 PM | * Files/Other/saison 7/media/img_0003_0000_00_1.jpg-- -- --27102
3/14/2020 10:03:58 PM | * Files/Other/saison 7/media/img_0008_0000_00_1.jpg-- -- --140890
3/14/2020 10:03:58 PM | * Files/Other/saison 7/media/info.gif-- -- --1172
3/14/2020 10:03:58 PM | * Files/Other/saison 7/media/java.gif-- -- --1078
3/14/2020 10:03:58 PM | * Files/Other/saison 7/media/ko.gif-- -- --901
3/14/2020 10:03:58 PM | * Files/Other/saison 7/media/logo smartkurs new.png-- -- --75376
3/14/2020 10:03:58 PM | * Files/Other/saison 7/media/music.gif-- -- --986
3/14/2020 10:03:58 PM | * Files/Other/saison 7/media/no.gif-- -- --1224
3/14/2020 10:03:58 PM | * Files/Other/saison 7/media/ok.gif-- -- --979
3/14/2020 10:03:58 PM | * Files/Other/saison 7/media/ok2.gif-- -- --926
3/14/2020 10:03:58 PM | * Files/Other/saison 7/media/pause.png-- -- --2148
3/14/2020 10:03:58 PM | * Files/Other/saison 7/media/play.png-- -- --1778
3/14/2020 10:03:58 PM | * Files/Other/saison 7/media/play_stop.png-- -- --669
3/14/2020 10:03:58 PM | * Files/Other/saison 7/media/quest.png-- -- --788
3/14/2020 10:03:58 PM | * Files/Other/saison 7/media/smile.gif-- -- --927
3/14/2020 10:03:58 PM | * Files/Other/saison 7/media/smiling.gif-- -- --1063
3/14/2020 10:03:58 PM | * Files/Other/saison 7/media/speech.png-- -- --4699
3/14/2020 10:03:58 PM | * Files/Other/saison 7/media/square.gif-- -- --930
3/14/2020 10:03:58 PM | * Files/Other/saison 7/media/square2.gif-- -- --877
3/14/2020 10:03:58 PM | * Files/Other/saison 7/media/video.gif-- -- --279
3/14/2020 10:03:58 PM | * Files/Other/saison 7/media/warn.gif-- -- --1107
3/14/2020 10:03:58 PM | * Files/Other/saison 7/A1 saison 7.htm-- -- --116467
3/14/2020 10:03:58 PM | * Files/Other/saison 7/A1 saison 7.js-- -- --75064
3/14/2020 10:03:58 PM | * Templates/Base.css-- -- --477
3/14/2020 10:03:58 PM | * Backup/Templates/Base.tdat-- -- --61574
3/14/2020 10:03:58 PM | * Backup/Common/Garbage.cfg-- -- --1024
3/14/2020 10:03:58 PM | * Backup/Common/Linkmap.cfg-- -- --73429
3/14/2020 10:03:58 PM | * Backup/Common/Lock.cfg-- -- --441
3/14/2020 10:03:58 PM | * Backup/Common/OEGuideline.cfg-- -- --463644
3/14/2020 10:03:58 PM | * Backup/Common/Palette.xml-- -- --295
3/14/2020 10:03:58 PM | * Backup/Common/Palette.xml.upd-- -- --9
3/14/2020 10:03:58 PM | * Backup/Common/SiteConfig.cfg-- -- --36565
3/14/2020 10:03:58 PM | * Backup/Common/User.cfg-- -- --590
3/14/2020 10:03:58 PM | * Backup/Templates/Controls/WECadre_c872bc6c.OESkin-- -- --69213
3/14/2020 10:03:58 PM | * Backup/Templates/Controls/WELabel_517fcfce.OESkin-- -- --59495
3/14/2020 10:03:58 PM | * Backup/Smartkurs.ope-- -- --2090
3/14/2020 10:03:59 PM | 
3/14/2020 10:03:59 PM | 
--------------------------------Phase 1 Terminé--------------------------------
3/14/2020 10:03:59 PM | 

